13-May-2025 00:12:22.668 INFO [Thread-1] org.apache.coyote.AbstractProtocol.pause Le gestionnaire de protocole ["http-nio-8080"] est mis en pause
13-May-2025 00:12:22.907 INFO [Thread-1] org.apache.catalina.core.StandardService.stopInternal Arrêt du service [Catalina]
13-May-2025 00:12:23.173 INFO [Thread-1] org.apache.coyote.AbstractProtocol.stop Arrêt du gestionnaire de protocole ["http-nio-8080"]
13-May-2025 00:12:23.201 INFO [Thread-1] org.apache.coyote.AbstractProtocol.destroy Destruction du gestionnaire de protocole ["http-nio-8080"]
13-May-2025 01:05:55.977 INFO [main] org.apache.catalina.startup.VersionLoggerListener.log Nom version serveur :              Apache Tomcat/10.1.36
13-May-2025 01:05:55.981 INFO [main] org.apache.catalina.startup.VersionLoggerListener.log Serveur compilé :                  Feb 13 2025 13:13:30 UTC
13-May-2025 01:05:55.982 INFO [main] org.apache.catalina.startup.VersionLoggerListener.log Version du serveur :               10.1.36.0
13-May-2025 01:05:55.982 INFO [main] org.apache.catalina.startup.VersionLoggerListener.log Nom de l'OS :                      Windows 11
13-May-2025 01:05:55.982 INFO [main] org.apache.catalina.startup.VersionLoggerListener.log Version OS :                       10.0
13-May-2025 01:05:55.983 INFO [main] org.apache.catalina.startup.VersionLoggerListener.log Architecture :                     amd64
13-May-2025 01:05:55.983 INFO [main] org.apache.catalina.startup.VersionLoggerListener.log Java Home :                        C:\Program Files\Java\jdk-17
13-May-2025 01:05:55.983 INFO [main] org.apache.catalina.startup.VersionLoggerListener.log Version JVM :                      17.0.12+8-LTS-286
13-May-2025 01:05:55.983 INFO [main] org.apache.catalina.startup.VersionLoggerListener.log Fournisseur de la JVM :            Oracle Corporation
13-May-2025 01:05:55.984 INFO [main] org.apache.catalina.startup.VersionLoggerListener.log CATALINA_BASE :                    C:\Users\USER\IdeaProjects\Banque
13-May-2025 01:05:55.984 INFO [main] org.apache.catalina.startup.VersionLoggerListener.log CATALINA_HOME :                    C:\Users\USER\Desktop\Serveur\apache-tomcat-10.1.36-windows-x64\apache-tomcat-10.1.36
13-May-2025 01:05:55.998 INFO [main] org.apache.catalina.startup.VersionLoggerListener.log Argument de la ligne de commande : --add-opens=java.base/java.lang=ALL-UNNAMED
13-May-2025 01:05:55.998 INFO [main] org.apache.catalina.startup.VersionLoggerListener.log Argument de la ligne de commande : --add-opens=java.base/java.io=ALL-UNNAMED
13-May-2025 01:05:55.998 INFO [main] org.apache.catalina.startup.VersionLoggerListener.log Argument de la ligne de commande : --add-opens=java.base/java.util=ALL-UNNAMED
13-May-2025 01:05:55.999 INFO [main] org.apache.catalina.startup.VersionLoggerListener.log Argument de la ligne de commande : --add-opens=java.base/java.util.concurrent=ALL-UNNAMED
13-May-2025 01:05:55.999 INFO [main] org.apache.catalina.startup.VersionLoggerListener.log Argument de la ligne de commande : --add-opens=java.rmi/sun.rmi.transport=ALL-UNNAMED
13-May-2025 01:05:55.999 INFO [main] org.apache.catalina.startup.VersionLoggerListener.log Argument de la ligne de commande : -Dcatalina.home=C:\Users\USER\Desktop\Serveur\apache-tomcat-10.1.36-windows-x64\apache-tomcat-10.1.36
13-May-2025 01:05:55.999 INFO [main] org.apache.catalina.startup.VersionLoggerListener.log Argument de la ligne de commande : -Dcatalina.base=C:\Users\USER\IdeaProjects\Banque
13-May-2025 01:05:55.999 INFO [main] org.apache.catalina.startup.VersionLoggerListener.log Argument de la ligne de commande : -Djava.io.tmpdir=C:\Users\USER\IdeaProjects\Banque\temp
13-May-2025 01:05:55.999 INFO [main] org.apache.catalina.startup.VersionLoggerListener.log Argument de la ligne de commande : -Djava.util.logging.config.file=C:\Users\USER\IdeaProjects\Banque\conf\logging.properties
13-May-2025 01:05:55.999 INFO [main] org.apache.catalina.startup.VersionLoggerListener.log Argument de la ligne de commande : -Djava.util.logging.manager=org.apache.juli.ClassLoaderLogManager
13-May-2025 01:05:55.999 INFO [main] org.apache.catalina.startup.VersionLoggerListener.log Argument de la ligne de commande : -javaagent:C:\Users\USER\AppData\Local\JetBrains\IntelliJ IDEA 2024.3.3\lib\idea_rt.jar=56880:C:\Users\USER\AppData\Local\JetBrains\IntelliJ IDEA 2024.3.3\bin
13-May-2025 01:05:55.999 INFO [main] org.apache.catalina.startup.VersionLoggerListener.log Argument de la ligne de commande : -Dfile.encoding=UTF-8
13-May-2025 01:05:56.005 INFO [main] org.apache.catalina.core.AprLifecycleListener.lifecycleEvent Chargement de la librairie Apache Tomcat Native [2.0.8] en utilisant APR version [1.7.4]
13-May-2025 01:05:56.027 INFO [main] org.apache.catalina.core.AprLifecycleListener.initializeSSL OpenSSL a été initialisé avec succès [OpenSSL 3.0.14 4 Jun 2024]
13-May-2025 01:05:56.381 INFO [main] org.apache.coyote.AbstractProtocol.init Initialisation du gestionnaire de protocole ["http-nio-8080"]
13-May-2025 01:05:56.402 INFO [main] org.apache.catalina.startup.Catalina.load L'initialisation du serveur a pris [738] millisecondes
13-May-2025 01:05:56.456 INFO [main] org.apache.catalina.core.StandardService.startInternal Démarrage du service [Catalina]
13-May-2025 01:05:56.456 INFO [main] org.apache.catalina.core.StandardEngine.startInternal Démarrage du moteur de Servlets : [Apache Tomcat/10.1.36]
13-May-2025 01:05:56.469 INFO [main] org.apache.catalina.startup.HostConfig.deployDescriptor Déploiement du descripteur de configuration [C:\Users\USER\IdeaProjects\Banque\conf\Catalina\localhost\Banque-web.xml]
13-May-2025 01:05:56.992 INFO [main] org.apache.catalina.startup.HostConfig.deployDescriptor Le traitement du descripteur de déploiement [C:\Users\USER\IdeaProjects\Banque\conf\Catalina\localhost\Banque-web.xml] a pris [519] ms
13-May-2025 01:05:56.999 INFO [main] org.apache.coyote.AbstractProtocol.start Démarrage du gestionnaire de protocole ["http-nio-8080"]
13-May-2025 01:05:57.064 INFO [main] org.apache.catalina.startup.Catalina.start Le démarrage du serveur a pris [661] millisecondes
13-May-2025 01:05:57.072 SEVERE [main] org.apache.catalina.core.StandardServer.await Impossible de créer le sokcet d'arrêt du serveur à l'adresse [localhost] et au port [8005] (port de base [8005] et offset [0])
	java.net.BindException: Address already in use: bind
		at java.base/sun.nio.ch.Net.bind0(Native Method)
		at java.base/sun.nio.ch.Net.bind(Net.java:555)
		at java.base/sun.nio.ch.Net.bind(Net.java:544)
		at java.base/sun.nio.ch.NioSocketImpl.bind(NioSocketImpl.java:648)
		at java.base/java.net.ServerSocket.bind(ServerSocket.java:388)
		at java.base/java.net.ServerSocket.<init>(ServerSocket.java:274)
		at org.apache.catalina.core.StandardServer.await(StandardServer.java:533)
		at org.apache.catalina.startup.Catalina.await(Catalina.java:851)
		at org.apache.catalina.startup.Catalina.start(Catalina.java:799)
		at java.base/jdk.internal.reflect.NativeMethodAccessorImpl.invoke0(Native Method)
		at java.base/jdk.internal.reflect.NativeMethodAccessorImpl.invoke(NativeMethodAccessorImpl.java:77)
		at java.base/jdk.internal.reflect.DelegatingMethodAccessorImpl.invoke(DelegatingMethodAccessorImpl.java:43)
		at java.base/java.lang.reflect.Method.invoke(Method.java:568)
		at org.apache.catalina.startup.Bootstrap.start(Bootstrap.java:345)
		at org.apache.catalina.startup.Bootstrap.main(Bootstrap.java:473)
13-May-2025 01:05:57.073 INFO [main] org.apache.coyote.AbstractProtocol.pause Le gestionnaire de protocole ["http-nio-8080"] est mis en pause
13-May-2025 01:05:57.395 INFO [main] org.apache.catalina.core.StandardService.stopInternal Arrêt du service [Catalina]
13-May-2025 01:05:57.408 INFO [main] org.apache.coyote.AbstractProtocol.stop Arrêt du gestionnaire de protocole ["http-nio-8080"]
13-May-2025 01:05:57.434 INFO [main] org.apache.coyote.AbstractProtocol.destroy Destruction du gestionnaire de protocole ["http-nio-8080"]
13-May-2025 01:06:10.536 INFO [main] org.apache.catalina.startup.VersionLoggerListener.log Nom version serveur :              Apache Tomcat/10.1.36
13-May-2025 01:06:10.541 INFO [main] org.apache.catalina.startup.VersionLoggerListener.log Serveur compilé :                  Feb 13 2025 13:13:30 UTC
13-May-2025 01:06:10.541 INFO [main] org.apache.catalina.startup.VersionLoggerListener.log Version du serveur :               10.1.36.0
13-May-2025 01:06:10.541 INFO [main] org.apache.catalina.startup.VersionLoggerListener.log Nom de l'OS :                      Windows 11
13-May-2025 01:06:10.541 INFO [main] org.apache.catalina.startup.VersionLoggerListener.log Version OS :                       10.0
13-May-2025 01:06:10.541 INFO [main] org.apache.catalina.startup.VersionLoggerListener.log Architecture :                     amd64
13-May-2025 01:06:10.541 INFO [main] org.apache.catalina.startup.VersionLoggerListener.log Java Home :                        C:\Program Files\Java\jdk-17
13-May-2025 01:06:10.541 INFO [main] org.apache.catalina.startup.VersionLoggerListener.log Version JVM :                      17.0.12+8-LTS-286
13-May-2025 01:06:10.541 INFO [main] org.apache.catalina.startup.VersionLoggerListener.log Fournisseur de la JVM :            Oracle Corporation
13-May-2025 01:06:10.541 INFO [main] org.apache.catalina.startup.VersionLoggerListener.log CATALINA_BASE :                    C:\Users\USER\IdeaProjects\Banque
13-May-2025 01:06:10.542 INFO [main] org.apache.catalina.startup.VersionLoggerListener.log CATALINA_HOME :                    C:\Users\USER\Desktop\Serveur\apache-tomcat-10.1.36-windows-x64\apache-tomcat-10.1.36
13-May-2025 01:06:10.555 INFO [main] org.apache.catalina.startup.VersionLoggerListener.log Argument de la ligne de commande : --add-opens=java.base/java.lang=ALL-UNNAMED
13-May-2025 01:06:10.555 INFO [main] org.apache.catalina.startup.VersionLoggerListener.log Argument de la ligne de commande : --add-opens=java.base/java.io=ALL-UNNAMED
13-May-2025 01:06:10.555 INFO [main] org.apache.catalina.startup.VersionLoggerListener.log Argument de la ligne de commande : --add-opens=java.base/java.util=ALL-UNNAMED
13-May-2025 01:06:10.556 INFO [main] org.apache.catalina.startup.VersionLoggerListener.log Argument de la ligne de commande : --add-opens=java.base/java.util.concurrent=ALL-UNNAMED
13-May-2025 01:06:10.556 INFO [main] org.apache.catalina.startup.VersionLoggerListener.log Argument de la ligne de commande : --add-opens=java.rmi/sun.rmi.transport=ALL-UNNAMED
13-May-2025 01:06:10.556 INFO [main] org.apache.catalina.startup.VersionLoggerListener.log Argument de la ligne de commande : -Dcatalina.home=C:\Users\USER\Desktop\Serveur\apache-tomcat-10.1.36-windows-x64\apache-tomcat-10.1.36
13-May-2025 01:06:10.556 INFO [main] org.apache.catalina.startup.VersionLoggerListener.log Argument de la ligne de commande : -Dcatalina.base=C:\Users\USER\IdeaProjects\Banque
13-May-2025 01:06:10.556 INFO [main] org.apache.catalina.startup.VersionLoggerListener.log Argument de la ligne de commande : -Djava.io.tmpdir=C:\Users\USER\IdeaProjects\Banque\temp
13-May-2025 01:06:10.556 INFO [main] org.apache.catalina.startup.VersionLoggerListener.log Argument de la ligne de commande : -Djava.util.logging.config.file=C:\Users\USER\IdeaProjects\Banque\conf\logging.properties
13-May-2025 01:06:10.556 INFO [main] org.apache.catalina.startup.VersionLoggerListener.log Argument de la ligne de commande : -Djava.util.logging.manager=org.apache.juli.ClassLoaderLogManager
13-May-2025 01:06:10.556 INFO [main] org.apache.catalina.startup.VersionLoggerListener.log Argument de la ligne de commande : -javaagent:C:\Users\USER\AppData\Local\JetBrains\IntelliJ IDEA 2024.3.3\lib\idea_rt.jar=56884:C:\Users\USER\AppData\Local\JetBrains\IntelliJ IDEA 2024.3.3\bin
13-May-2025 01:06:10.556 INFO [main] org.apache.catalina.startup.VersionLoggerListener.log Argument de la ligne de commande : -Dfile.encoding=UTF-8
13-May-2025 01:06:10.561 INFO [main] org.apache.catalina.core.AprLifecycleListener.lifecycleEvent Chargement de la librairie Apache Tomcat Native [2.0.8] en utilisant APR version [1.7.4]
13-May-2025 01:06:10.566 INFO [main] org.apache.catalina.core.AprLifecycleListener.initializeSSL OpenSSL a été initialisé avec succès [OpenSSL 3.0.14 4 Jun 2024]
13-May-2025 01:06:10.943 INFO [main] org.apache.coyote.AbstractProtocol.init Initialisation du gestionnaire de protocole ["http-nio-8080"]
13-May-2025 01:06:10.961 INFO [main] org.apache.catalina.startup.Catalina.load L'initialisation du serveur a pris [717] millisecondes
13-May-2025 01:06:11.006 INFO [main] org.apache.catalina.core.StandardService.startInternal Démarrage du service [Catalina]
13-May-2025 01:06:11.006 INFO [main] org.apache.catalina.core.StandardEngine.startInternal Démarrage du moteur de Servlets : [Apache Tomcat/10.1.36]
13-May-2025 01:06:11.017 INFO [main] org.apache.catalina.startup.HostConfig.deployDescriptor Déploiement du descripteur de configuration [C:\Users\USER\IdeaProjects\Banque\conf\Catalina\localhost\Banque-web.xml]
13-May-2025 01:06:11.410 INFO [main] org.apache.catalina.startup.HostConfig.deployDescriptor Le traitement du descripteur de déploiement [C:\Users\USER\IdeaProjects\Banque\conf\Catalina\localhost\Banque-web.xml] a pris [390] ms
13-May-2025 01:06:11.415 INFO [main] org.apache.coyote.AbstractProtocol.start Démarrage du gestionnaire de protocole ["http-nio-8080"]
13-May-2025 01:06:11.465 INFO [main] org.apache.catalina.startup.Catalina.start Le démarrage du serveur a pris [503] millisecondes
13-May-2025 01:06:11.471 SEVERE [main] org.apache.catalina.core.StandardServer.await Impossible de créer le sokcet d'arrêt du serveur à l'adresse [localhost] et au port [8005] (port de base [8005] et offset [0])
	java.net.BindException: Address already in use: bind
		at java.base/sun.nio.ch.Net.bind0(Native Method)
		at java.base/sun.nio.ch.Net.bind(Net.java:555)
		at java.base/sun.nio.ch.Net.bind(Net.java:544)
		at java.base/sun.nio.ch.NioSocketImpl.bind(NioSocketImpl.java:648)
		at java.base/java.net.ServerSocket.bind(ServerSocket.java:388)
		at java.base/java.net.ServerSocket.<init>(ServerSocket.java:274)
		at org.apache.catalina.core.StandardServer.await(StandardServer.java:533)
		at org.apache.catalina.startup.Catalina.await(Catalina.java:851)
		at org.apache.catalina.startup.Catalina.start(Catalina.java:799)
		at java.base/jdk.internal.reflect.NativeMethodAccessorImpl.invoke0(Native Method)
		at java.base/jdk.internal.reflect.NativeMethodAccessorImpl.invoke(NativeMethodAccessorImpl.java:77)
		at java.base/jdk.internal.reflect.DelegatingMethodAccessorImpl.invoke(DelegatingMethodAccessorImpl.java:43)
		at java.base/java.lang.reflect.Method.invoke(Method.java:568)
		at org.apache.catalina.startup.Bootstrap.start(Bootstrap.java:345)
		at org.apache.catalina.startup.Bootstrap.main(Bootstrap.java:473)
13-May-2025 01:06:11.471 INFO [main] org.apache.coyote.AbstractProtocol.pause Le gestionnaire de protocole ["http-nio-8080"] est mis en pause
13-May-2025 01:06:11.733 INFO [main] org.apache.catalina.core.StandardService.stopInternal Arrêt du service [Catalina]
13-May-2025 01:06:11.743 INFO [main] org.apache.coyote.AbstractProtocol.stop Arrêt du gestionnaire de protocole ["http-nio-8080"]
13-May-2025 01:06:11.747 INFO [main] org.apache.coyote.AbstractProtocol.destroy Destruction du gestionnaire de protocole ["http-nio-8080"]
13-May-2025 01:06:34.454 INFO [main] org.apache.catalina.startup.VersionLoggerListener.log Nom version serveur :              Apache Tomcat/10.1.36
13-May-2025 01:06:34.459 INFO [main] org.apache.catalina.startup.VersionLoggerListener.log Serveur compilé :                  Feb 13 2025 13:13:30 UTC
13-May-2025 01:06:34.459 INFO [main] org.apache.catalina.startup.VersionLoggerListener.log Version du serveur :               10.1.36.0
13-May-2025 01:06:34.459 INFO [main] org.apache.catalina.startup.VersionLoggerListener.log Nom de l'OS :                      Windows 11
13-May-2025 01:06:34.459 INFO [main] org.apache.catalina.startup.VersionLoggerListener.log Version OS :                       10.0
13-May-2025 01:06:34.459 INFO [main] org.apache.catalina.startup.VersionLoggerListener.log Architecture :                     amd64
13-May-2025 01:06:34.459 INFO [main] org.apache.catalina.startup.VersionLoggerListener.log Java Home :                        C:\Program Files\Java\jdk-17
13-May-2025 01:06:34.459 INFO [main] org.apache.catalina.startup.VersionLoggerListener.log Version JVM :                      17.0.12+8-LTS-286
13-May-2025 01:06:34.459 INFO [main] org.apache.catalina.startup.VersionLoggerListener.log Fournisseur de la JVM :            Oracle Corporation
13-May-2025 01:06:34.459 INFO [main] org.apache.catalina.startup.VersionLoggerListener.log CATALINA_BASE :                    C:\Users\USER\IdeaProjects\Banque
13-May-2025 01:06:34.461 INFO [main] org.apache.catalina.startup.VersionLoggerListener.log CATALINA_HOME :                    C:\Users\USER\Desktop\Serveur\apache-tomcat-10.1.36-windows-x64\apache-tomcat-10.1.36
13-May-2025 01:06:34.478 INFO [main] org.apache.catalina.startup.VersionLoggerListener.log Argument de la ligne de commande : --add-opens=java.base/java.lang=ALL-UNNAMED
13-May-2025 01:06:34.479 INFO [main] org.apache.catalina.startup.VersionLoggerListener.log Argument de la ligne de commande : --add-opens=java.base/java.io=ALL-UNNAMED
13-May-2025 01:06:34.480 INFO [main] org.apache.catalina.startup.VersionLoggerListener.log Argument de la ligne de commande : --add-opens=java.base/java.util=ALL-UNNAMED
13-May-2025 01:06:34.480 INFO [main] org.apache.catalina.startup.VersionLoggerListener.log Argument de la ligne de commande : --add-opens=java.base/java.util.concurrent=ALL-UNNAMED
13-May-2025 01:06:34.480 INFO [main] org.apache.catalina.startup.VersionLoggerListener.log Argument de la ligne de commande : --add-opens=java.rmi/sun.rmi.transport=ALL-UNNAMED
13-May-2025 01:06:34.481 INFO [main] org.apache.catalina.startup.VersionLoggerListener.log Argument de la ligne de commande : -Dcatalina.home=C:\Users\USER\Desktop\Serveur\apache-tomcat-10.1.36-windows-x64\apache-tomcat-10.1.36
13-May-2025 01:06:34.481 INFO [main] org.apache.catalina.startup.VersionLoggerListener.log Argument de la ligne de commande : -Dcatalina.base=C:\Users\USER\IdeaProjects\Banque
13-May-2025 01:06:34.481 INFO [main] org.apache.catalina.startup.VersionLoggerListener.log Argument de la ligne de commande : -Djava.io.tmpdir=C:\Users\USER\IdeaProjects\Banque\temp
13-May-2025 01:06:34.481 INFO [main] org.apache.catalina.startup.VersionLoggerListener.log Argument de la ligne de commande : -Djava.util.logging.config.file=C:\Users\USER\IdeaProjects\Banque\conf\logging.properties
13-May-2025 01:06:34.481 INFO [main] org.apache.catalina.startup.VersionLoggerListener.log Argument de la ligne de commande : -Djava.util.logging.manager=org.apache.juli.ClassLoaderLogManager
13-May-2025 01:06:34.481 INFO [main] org.apache.catalina.startup.VersionLoggerListener.log Argument de la ligne de commande : -javaagent:C:\Users\USER\AppData\Local\JetBrains\IntelliJ IDEA 2024.3.3\lib\idea_rt.jar=56888:C:\Users\USER\AppData\Local\JetBrains\IntelliJ IDEA 2024.3.3\bin
13-May-2025 01:06:34.481 INFO [main] org.apache.catalina.startup.VersionLoggerListener.log Argument de la ligne de commande : -Dfile.encoding=UTF-8
13-May-2025 01:06:34.488 INFO [main] org.apache.catalina.core.AprLifecycleListener.lifecycleEvent Chargement de la librairie Apache Tomcat Native [2.0.8] en utilisant APR version [1.7.4]
13-May-2025 01:06:34.495 INFO [main] org.apache.catalina.core.AprLifecycleListener.initializeSSL OpenSSL a été initialisé avec succès [OpenSSL 3.0.14 4 Jun 2024]
13-May-2025 01:06:34.854 INFO [main] org.apache.coyote.AbstractProtocol.init Initialisation du gestionnaire de protocole ["http-nio-8080"]
13-May-2025 01:06:34.873 INFO [main] org.apache.catalina.startup.Catalina.load L'initialisation du serveur a pris [702] millisecondes
13-May-2025 01:06:34.917 INFO [main] org.apache.catalina.core.StandardService.startInternal Démarrage du service [Catalina]
13-May-2025 01:06:34.918 INFO [main] org.apache.catalina.core.StandardEngine.startInternal Démarrage du moteur de Servlets : [Apache Tomcat/10.1.36]
13-May-2025 01:06:34.928 INFO [main] org.apache.catalina.startup.HostConfig.deployDescriptor Déploiement du descripteur de configuration [C:\Users\USER\IdeaProjects\Banque\conf\Catalina\localhost\Banque-web.xml]
13-May-2025 01:06:35.351 INFO [main] org.apache.catalina.startup.HostConfig.deployDescriptor Le traitement du descripteur de déploiement [C:\Users\USER\IdeaProjects\Banque\conf\Catalina\localhost\Banque-web.xml] a pris [420] ms
13-May-2025 01:06:35.356 INFO [main] org.apache.coyote.AbstractProtocol.start Démarrage du gestionnaire de protocole ["http-nio-8080"]
13-May-2025 01:06:35.411 INFO [main] org.apache.catalina.startup.Catalina.start Le démarrage du serveur a pris [537] millisecondes
13-May-2025 01:06:35.416 SEVERE [main] org.apache.catalina.core.StandardServer.await Impossible de créer le sokcet d'arrêt du serveur à l'adresse [localhost] et au port [8005] (port de base [8005] et offset [0])
	java.net.BindException: Address already in use: bind
		at java.base/sun.nio.ch.Net.bind0(Native Method)
		at java.base/sun.nio.ch.Net.bind(Net.java:555)
		at java.base/sun.nio.ch.Net.bind(Net.java:544)
		at java.base/sun.nio.ch.NioSocketImpl.bind(NioSocketImpl.java:648)
		at java.base/java.net.ServerSocket.bind(ServerSocket.java:388)
		at java.base/java.net.ServerSocket.<init>(ServerSocket.java:274)
		at org.apache.catalina.core.StandardServer.await(StandardServer.java:533)
		at org.apache.catalina.startup.Catalina.await(Catalina.java:851)
		at org.apache.catalina.startup.Catalina.start(Catalina.java:799)
		at java.base/jdk.internal.reflect.NativeMethodAccessorImpl.invoke0(Native Method)
		at java.base/jdk.internal.reflect.NativeMethodAccessorImpl.invoke(NativeMethodAccessorImpl.java:77)
		at java.base/jdk.internal.reflect.DelegatingMethodAccessorImpl.invoke(DelegatingMethodAccessorImpl.java:43)
		at java.base/java.lang.reflect.Method.invoke(Method.java:568)
		at org.apache.catalina.startup.Bootstrap.start(Bootstrap.java:345)
		at org.apache.catalina.startup.Bootstrap.main(Bootstrap.java:473)
13-May-2025 01:06:35.417 INFO [main] org.apache.coyote.AbstractProtocol.pause Le gestionnaire de protocole ["http-nio-8080"] est mis en pause
13-May-2025 01:06:35.682 INFO [main] org.apache.catalina.core.StandardService.stopInternal Arrêt du service [Catalina]
13-May-2025 01:06:35.692 INFO [main] org.apache.coyote.AbstractProtocol.stop Arrêt du gestionnaire de protocole ["http-nio-8080"]
13-May-2025 01:06:35.695 INFO [main] org.apache.coyote.AbstractProtocol.destroy Destruction du gestionnaire de protocole ["http-nio-8080"]
